<?xml version="1.0" encoding="UTF-8"?><testsuite errors="0" failures="0" name="com.lc.df.studentapp.studentinfo.StudentCRUDTest" skipped="0" tests="4" time="8.2" timestamp="2020-05-20T17:15:22.980+01:00[Europe/London]"><testcase classname="com.lc.df.studentapp.studentinfo.StudentCRUDTest" name="This test will create a new student record"/><testcase classname="com.lc.df.studentapp.studentinfo.StudentCRUDTest" name="Verify if student was added to the record"/><testcase classname="com.lc.df.studentapp.studentinfo.StudentCRUDTest" name="Update the student info and verify the updated information"/><testcase classname="com.lc.df.studentapp.studentinfo.StudentCRUDTest" name="Delete the student record and verify if it is deleted"/></testsuite>